
_________________//C:\xampp\htdocs\university\wp-content\plugins\z-shop-toolkit\extensions\header-builder\hooks.php:__________93
<span class="total"> - <span class="woocommerce-Price-amount amount"><bdi><span class="woocommerce-Price-currencySymbol">&#36;</span>0.00</bdi></span></span>
_________________//C:\xampp\htdocs\university\wp-content\plugins\z-shop-toolkit\extensions\header-builder\hooks.php:__________93
<span class="total"> - <span class="woocommerce-Price-amount amount"><bdi><span class="woocommerce-Price-currencySymbol">&#36;</span>0.00</bdi></span></span>
_________________//C:\xampp\htdocs\university\wp-content\plugins\z-shop-toolkit\extensions\header-builder\hooks.php:__________93
<span class="total"> - <span class="woocommerce-Price-amount amount"><bdi><span class="woocommerce-Price-currencySymbol">&#36;</span>0.00</bdi></span></span>
_________________//C:\xampp\htdocs\university\wp-content\plugins\z-shop-toolkit\extensions\header-builder\hooks.php:__________93
<span class="total"> - <span class="woocommerce-Price-amount amount"><bdi><span class="woocommerce-Price-currencySymbol">&#36;</span>0.00</bdi></span></span>
_________________//C:\xampp\htdocs\university\wp-content\plugins\z-shop-toolkit\extensions\header-builder\hooks.php:__________93
<span class="total"> - <span class="woocommerce-Price-amount amount"><bdi><span class="woocommerce-Price-currencySymbol">&#36;</span>0.00</bdi></span></span>
_________________//C:\xampp\htdocs\university\wp-content\plugins\z-shop-toolkit\extensions\header-builder\hooks.php:__________93
<span class="total"> - <span class="woocommerce-Price-amount amount"><bdi><span class="woocommerce-Price-currencySymbol">&#36;</span>0.00</bdi></span></span>
_________________//C:\xampp\htdocs\university\wp-content\plugins\z-shop-toolkit\extensions\header-builder\hooks.php:__________93
<span class="total"> - <span class="woocommerce-Price-amount amount"><bdi><span class="woocommerce-Price-currencySymbol">&#36;</span>0.00</bdi></span></span>
_________________//C:\xampp\htdocs\university\wp-content\themes\tee-shop\inc\filters.php:__________224
make subsize
_________________//C:\xampp\htdocs\university\wp-content\themes\tee-shop\inc\filters.php:__________224
make subsize
_________________//C:\xampp\htdocs\university\wp-content\themes\tee-shop\inc\filters.php:__________224
make subsize
_________________//C:\xampp\htdocs\university\wp-content\themes\tee-shop\inc\filters.php:__________224
make subsize
_________________//C:\xampp\htdocs\university\wp-content\themes\tee-shop\inc\filters.php:__________224
make subsize
_________________//C:\xampp\htdocs\university\wp-content\themes\tee-shop\inc\filters.php:__________224
make subsize
_________________//C:\xampp\htdocs\university\wp-content\themes\tee-shop\inc\filters.php:__________224
make subsize
_________________//C:\xampp\htdocs\university\wp-content\themes\tee-shop\inc\filters.php:__________224
make subsize
_________________//C:\xampp\htdocs\university\wp-content\themes\tee-shop\inc\filters.php:__________224
make subsize
_________________//C:\xampp\htdocs\university\wp-content\themes\tee-shop\inc\filters.php:__________224
make subsize
_________________//C:\xampp\htdocs\university\wp-content\themes\tee-shop\inc\filters.php:__________224
make subsize
_________________//C:\xampp\htdocs\university\wp-content\themes\tee-shop\inc\filters.php:__________224
make subsize
_________________//C:\xampp\htdocs\shopdemo\wp-content\plugins\z-shop-toolkit\extensions\header-builder\hooks.php:__________93
<span class="total"> - <span class="woocommerce-Price-amount amount"><bdi><span class="woocommerce-Price-currencySymbol">&#36;</span>0.00</bdi></span></span>
_________________//C:\xampp\htdocs\shopdemo\wp-content\plugins\z-shop-toolkit\extensions\header-builder\hooks.php:__________93
<span class="total"> - <span class="woocommerce-Price-amount amount"><bdi><span class="woocommerce-Price-currencySymbol">&#36;</span>0.00</bdi></span></span>
_________________//C:\xampp\htdocs\shopdemo\wp-content\plugins\z-shop-toolkit\extensions\header-builder\hooks.php:__________93
<span class="total"> - <span class="woocommerce-Price-amount amount"><bdi><span class="woocommerce-Price-currencySymbol">&#36;</span>0.00</bdi></span></span>
_________________//C:\xampp\htdocs\shopdemo\wp-content\plugins\z-shop-toolkit\extensions\header-builder\hooks.php:__________93
<span class="total"> - <span class="woocommerce-Price-amount amount"><bdi><span class="woocommerce-Price-currencySymbol">&#36;</span>0.00</bdi></span></span>
_________________//C:\xampp\htdocs\shopdemo\wp-content\plugins\z-shop-toolkit\extensions\header-builder\hooks.php:__________93
<span class="total"> - <span class="woocommerce-Price-amount amount"><bdi><span class="woocommerce-Price-currencySymbol">&#36;</span>0.00</bdi></span></span>
_________________//C:\xampp\htdocs\shopdemo\wp-content\themes\tee-shop\inc\filters.php:__________224
make subsize
_________________//C:\xampp\htdocs\shopdemo\wp-content\plugins\z-shop-toolkit\extensions\header-builder\hooks.php:__________93
<span class="total"> - <span class="woocommerce-Price-amount amount"><bdi><span class="woocommerce-Price-currencySymbol">&#36;</span>0.00</bdi></span></span>
_________________//C:\xampp\htdocs\shopdemo\wp-content\plugins\z-shop-toolkit\extensions\header-builder\hooks.php:__________93
<span class="total"> - <span class="woocommerce-Price-amount amount"><bdi><span class="woocommerce-Price-currencySymbol">&#36;</span>0.00</bdi></span></span>